<?xml version="1.0" encoding="UTF-8"?>
<!-- Generated by org.testng.reporters.JUnitXMLReporter -->
<testsuite hostname="Naresh-PC" name="Default test" tests="3" failures="0" timestamp="8 Jan 2016 06:27:39 GMT" time="0.03" errors="0">
  <testcase name="testThreadPools" time="0.02" classname="com.mkyong.testng.examples.loadtest.TestMultipleThreads"/>
  <testcase name="testThreadPools" time="0.02" classname="com.mkyong.testng.examples.loadtest.TestMultipleThreads"/>
  <testcase name="testThreadPools" time="0.02" classname="com.mkyong.testng.examples.loadtest.TestMultipleThreads"/>
</testsuite> <!-- Default test -->
