<?xml version="1.0" encoding="UTF-8"?>
<!-- Generated by org.testng.reporters.JUnitXMLReporter -->
<testsuite hostname="Naresh-PC" name="case1" tests="4" failures="0" timestamp="6 Jan 2016 07:07:22 GMT" time="0.02" errors="0">
  <testcase name="runTest1" time="0.01" classname="com.mkyong.testng.examples.configuration.TestConfiguration"/>
  <testcase name="runTest2" time="0.0" classname="com.mkyong.testng.examples.configuration.TestConfiguration"/>
  <testcase name="runOtherTest1" time="0.0" classname="com.mkyong.testng.examples.configuration.TestDBConnection"/>
  <testcase name="runOtherTest2" time="0.0" classname="com.mkyong.testng.examples.configuration.TestDBConnection"/>
</testsuite> <!-- case1 -->
