<?xml version="1.0" encoding="UTF-8"?>
<testng-results skipped="0" failed="0" total="1" passed="1">
  <reporter-output>
  </reporter-output>
  <suite name="test-parameter" duration-ms="81" started-at="2016-01-08T07:32:35Z" finished-at="2016-01-08T07:32:35Z">
    <groups>
    </groups>
    <test name="example1" duration-ms="81" started-at="2016-01-08T07:32:35Z" finished-at="2016-01-08T07:32:35Z">
      <class name="com.mkyong.testng.examples.parameter.TestParameterXML">
        <test-method status="PASS" signature="createConnection(java.lang.String, int)[pri:0, instance:com.mkyong.testng.examples.parameter.TestParameterXML@bddc6]" name="createConnection" duration-ms="50" started-at="2016-01-07T23:32:35Z" finished-at="2016-01-07T23:32:35Z">
          <params>
            <param index="0">
              <value>
                <![CDATA[db.properties]]>
              </value>
            </param>
            <param index="1">
              <value>
                <![CDATA[10]]>
              </value>
            </param>
          </params>
          <reporter-output>
          </reporter-output>
        </test-method> <!-- createConnection -->
      </class> <!-- com.mkyong.testng.examples.parameter.TestParameterXML -->
    </test> <!-- example1 -->
  </suite> <!-- test-parameter -->
</testng-results>
